app/build/intermediates/manifest_merge_blame_file/debug/manifest-merger-blame-debug-report.txt
1<?xml version="1.0" encoding="utf-8"?>
2<manifest xmlns:android="http://schemas.android.com/apk/res/android"
3    xmlns:dist="http://schemas.android.com/apk/distribution"
4    package="com.google.mediapipe.examples.gesturerecognizer"
5    android:versionCode="1"
6    android:versionName="1.0" >
7
8    <uses-sdk
9        android:minSdkVersion="24"
9-->src/main/AndroidManifest.xml
10        android:targetSdkVersion="32" />
10-->src/main/AndroidManifest.xml
11
12    <!-- Enable instant app support -->
13    <dist:module dist:instant="true" />
13-->src/main/AndroidManifest.xml:8:5-40
13-->src/main/AndroidManifest.xml:8:18-37
14
15    <!-- Declare features -->
16    <uses-feature android:name="android.hardware.camera" />
16-->src/main/AndroidManifest.xml:11:5-60
16-->src/main/AndroidManifest.xml:11:19-57
17
18    <!-- Declare permissions -->
19    <uses-permission android:name="android.permission.CAMERA" />
19-->src/main/AndroidManifest.xml:14:5-64
19-->src/main/AndroidManifest.xml:14:22-62
20    <uses-permission android:name="android.permission.READ_EXTERNAL_STORAGE" />
20-->src/main/AndroidManifest.xml:15:5-79
20-->src/main/AndroidManifest.xml:15:22-77
21    <uses-permission android:name="android.permission.WRITE_EXTERNAL_STORAGE" />
21-->src/main/AndroidManifest.xml:16:5-80
21-->src/main/AndroidManifest.xml:16:22-78
22    <uses-permission android:name="android.permission.MANAGE_EXTERNAL_STORAGE" />
22-->src/main/AndroidManifest.xml:17:5-81
22-->src/main/AndroidManifest.xml:17:22-79
23
24    <!-- Although the *SdkVersion is captured in gradle build files, this is required for non gradle builds -->
25    <!-- <uses-sdk android:minSdkVersion="14"/> -->
26    <uses-permission android:name="android.permission.ACCESS_NETWORK_STATE" />
26-->[com.google.android.datatransport:transport-backend-cct:3.1.0] AndroidManifest.xml:25:5-79
26-->[com.google.android.datatransport:transport-backend-cct:3.1.0] AndroidManifest.xml:25:22-76
27    <uses-permission android:name="android.permission.INTERNET" />
27-->[com.google.android.datatransport:transport-backend-cct:3.1.0] AndroidManifest.xml:26:5-67
27-->[com.google.android.datatransport:transport-backend-cct:3.1.0] AndroidManifest.xml:26:22-64
28
29    <application
29-->src/main/AndroidManifest.xml:20:5-45:19
30        android:allowBackup="true"
30-->src/main/AndroidManifest.xml:21:9-35
31        android:appComponentFactory="androidx.core.app.CoreComponentFactory"
31-->[androidx.core:core:1.8.0] AndroidManifest.xml:24:18-86
32        android:debuggable="true"
33        android:extractNativeLibs="false"
34        android:icon="@drawable/ge_logo"
34-->src/main/AndroidManifest.xml:22:9-41
35        android:label="@string/app_name"
35-->src/main/AndroidManifest.xml:23:9-41
36        android:roundIcon="@drawable/ge_logo"
36-->src/main/AndroidManifest.xml:24:9-46
37        android:supportsRtl="true"
37-->src/main/AndroidManifest.xml:25:9-35
38        android:taskAffinity=""
38-->src/main/AndroidManifest.xml:26:9-32
39        android:testOnly="true"
40        android:theme="@style/Theme.GestureRecognizer" >
40-->src/main/AndroidManifest.xml:27:9-55
41        <activity
41-->src/main/AndroidManifest.xml:30:9-44:20
42            android:name="com.google.mediapipe.examples.gesturerecognizer.MainActivity"
42-->src/main/AndroidManifest.xml:31:13-41
43            android:exported="true" >
43-->src/main/AndroidManifest.xml:32:13-36
44            <intent-filter>
44-->src/main/AndroidManifest.xml:33:13-37:29
45                <action android:name="android.intent.action.MAIN" />
45-->src/main/AndroidManifest.xml:34:17-69
45-->src/main/AndroidManifest.xml:34:25-66
46
47                <category android:name="android.intent.category.LAUNCHER" />
47-->src/main/AndroidManifest.xml:36:17-77
47-->src/main/AndroidManifest.xml:36:27-74
48            </intent-filter>
49
50            <!-- Declare notch support -->
51            <meta-data
51-->src/main/AndroidManifest.xml:40:13-42:40
52                android:name="android.notch_support"
52-->src/main/AndroidManifest.xml:41:17-53
53                android:value="true" />
53-->src/main/AndroidManifest.xml:42:17-37
54        </activity>
55
56        <uses-library
56-->[androidx.window:window:1.1.0-alpha03] AndroidManifest.xml:23:9-25:40
57            android:name="androidx.window.extensions"
57-->[androidx.window:window:1.1.0-alpha03] AndroidManifest.xml:24:13-54
58            android:required="false" />
58-->[androidx.window:window:1.1.0-alpha03] AndroidManifest.xml:25:13-37
59        <uses-library
59-->[androidx.window:window:1.1.0-alpha03] AndroidManifest.xml:26:9-28:40
60            android:name="androidx.window.sidecar"
60-->[androidx.window:window:1.1.0-alpha03] AndroidManifest.xml:27:13-51
61            android:required="false" />
61-->[androidx.window:window:1.1.0-alpha03] AndroidManifest.xml:28:13-37
62
63        <service
63-->[androidx.camera:camera-camera2:1.2.0-alpha02] AndroidManifest.xml:25:9-34:19
64            android:name="androidx.camera.core.impl.MetadataHolderService"
64-->[androidx.camera:camera-camera2:1.2.0-alpha02] AndroidManifest.xml:26:13-75
65            android:enabled="false"
65-->[androidx.camera:camera-camera2:1.2.0-alpha02] AndroidManifest.xml:27:13-36
66            android:exported="false" >
66-->[androidx.camera:camera-camera2:1.2.0-alpha02] AndroidManifest.xml:28:13-37
67            <meta-data
67-->[androidx.camera:camera-camera2:1.2.0-alpha02] AndroidManifest.xml:31:13-33:89
68                android:name="androidx.camera.core.impl.MetadataHolderService.DEFAULT_CONFIG_PROVIDER"
68-->[androidx.camera:camera-camera2:1.2.0-alpha02] AndroidManifest.xml:32:17-103
69                android:value="androidx.camera.camera2.Camera2Config$DefaultProvider" />
69-->[androidx.camera:camera-camera2:1.2.0-alpha02] AndroidManifest.xml:33:17-86
70        </service>
71
72        <provider
72-->[androidx.emoji2:emoji2:1.2.0] AndroidManifest.xml:24:9-32:20
73            android:name="androidx.startup.InitializationProvider"
73-->[androidx.emoji2:emoji2:1.2.0] AndroidManifest.xml:25:13-67
74            android:authorities="com.google.mediapipe.examples.gesturerecognizer.androidx-startup"
74-->[androidx.emoji2:emoji2:1.2.0] AndroidManifest.xml:26:13-68
75            android:exported="false" >
75-->[androidx.emoji2:emoji2:1.2.0] AndroidManifest.xml:27:13-37
76            <meta-data
76-->[androidx.emoji2:emoji2:1.2.0] AndroidManifest.xml:29:13-31:52
77                android:name="androidx.emoji2.text.EmojiCompatInitializer"
77-->[androidx.emoji2:emoji2:1.2.0] AndroidManifest.xml:30:17-75
78                android:value="androidx.startup" />
78-->[androidx.emoji2:emoji2:1.2.0] AndroidManifest.xml:31:17-49
79            <meta-data
79-->[androidx.lifecycle:lifecycle-process:2.4.1] AndroidManifest.xml:31:13-33:52
80                android:name="androidx.lifecycle.ProcessLifecycleInitializer"
80-->[androidx.lifecycle:lifecycle-process:2.4.1] AndroidManifest.xml:32:17-78
81                android:value="androidx.startup" />
81-->[androidx.lifecycle:lifecycle-process:2.4.1] AndroidManifest.xml:33:17-49
82        </provider>
83
84        <service
84-->[com.google.android.datatransport:transport-backend-cct:3.1.0] AndroidManifest.xml:29:9-35:19
85            android:name="com.google.android.datatransport.runtime.backends.TransportBackendDiscovery"
85-->[com.google.android.datatransport:transport-backend-cct:3.1.0] AndroidManifest.xml:30:13-103
86            android:exported="false" >
86-->[com.google.android.datatransport:transport-backend-cct:3.1.0] AndroidManifest.xml:31:13-37
87            <meta-data
87-->[com.google.android.datatransport:transport-backend-cct:3.1.0] AndroidManifest.xml:32:13-34:39
88                android:name="backend:com.google.android.datatransport.cct.CctBackendFactory"
88-->[com.google.android.datatransport:transport-backend-cct:3.1.0] AndroidManifest.xml:33:17-94
89                android:value="cct" />
89-->[com.google.android.datatransport:transport-backend-cct:3.1.0] AndroidManifest.xml:34:17-36
90        </service>
91        <service
91-->[com.google.android.datatransport:transport-runtime:3.1.0] AndroidManifest.xml:26:9-30:19
92            android:name="com.google.android.datatransport.runtime.scheduling.jobscheduling.JobInfoSchedulerService"
92-->[com.google.android.datatransport:transport-runtime:3.1.0] AndroidManifest.xml:27:13-117
93            android:exported="false"
93-->[com.google.android.datatransport:transport-runtime:3.1.0] AndroidManifest.xml:28:13-37
94            android:permission="android.permission.BIND_JOB_SERVICE" >
94-->[com.google.android.datatransport:transport-runtime:3.1.0] AndroidManifest.xml:29:13-69
95        </service>
96
97        <receiver
97-->[com.google.android.datatransport:transport-runtime:3.1.0] AndroidManifest.xml:32:9-34:40
98            android:name="com.google.android.datatransport.runtime.scheduling.jobscheduling.AlarmManagerSchedulerBroadcastReceiver"
98-->[com.google.android.datatransport:transport-runtime:3.1.0] AndroidManifest.xml:33:13-132
99            android:exported="false" />
99-->[com.google.android.datatransport:transport-runtime:3.1.0] AndroidManifest.xml:34:13-37
100    </application>
101
102</manifest>